<?xml version="1.0" encoding="UTF-8"?>
<!-- Generated by org.testng.reporters.JUnitXMLReporter -->
<testsuite hostname="LAPTOP-RKT74M46" ignored="0" name="AlertsFramesWindows" tests="2" failures="0" timestamp="2022-02-09T17:52:15 IST" time="53.887" errors="0">
  <testcase name="alerts" time="24.232" classname="com.demoQA.TestCases.AlertsFramesWindowsTest"/>
  <testcase name="browserWindows" time="11.924" classname="com.demoQA.TestCases.AlertsFramesWindowsTest"/>
</testsuite> <!-- AlertsFramesWindows -->
